<?xml version="1.0" encoding="UTF-8" ?>
<testsuite failures="0" time="0.594" errors="0" skipped="0" tests="1" name="egovframework.guide.helloworld.HelloWorldServiceTest">
  <properties>
    <property name="java.runtime.name" value="Java(TM) SE Runtime Environment"/>
    <property name="sun.boot.library.path" value="C:\Program Files\Java\jdk1.6.0_33\jre\bin"/>
    <property name="java.vm.version" value="20.8-b03"/>
    <property name="java.vm.vendor" value="Sun Microsystems Inc."/>
    <property name="java.vendor.url" value="http://java.sun.com/"/>
    <property name="path.separator" value=";"/>
    <property name="java.vm.name" value="Java HotSpot(TM) Client VM"/>
    <property name="file.encoding.pkg" value="sun.io"/>
    <property name="user.country" value="KR"/>
    <property name="sun.java.launcher" value="SUN_STANDARD"/>
    <property name="sun.os.patch.level" value="Service Pack 3"/>
    <property name="java.vm.specification.name" value="Java Virtual Machine Specification"/>
    <property name="user.dir" value="D:\eGov\eGovFrameDev-2.0.0-FullVer\workspace\egovframework.guide"/>
    <property name="java.runtime.version" value="1.6.0_33-b03"/>
    <property name="java.awt.graphicsenv" value="sun.awt.Win32GraphicsEnvironment"/>
    <property name="basedir" value="D:\eGov\eGovFrameDev-2.0.0-FullVer\workspace\egovframework.guide"/>
    <property name="java.endorsed.dirs" value="C:\Program Files\Java\jdk1.6.0_33\jre\lib\endorsed"/>
    <property name="os.arch" value="x86"/>
    <property name="surefire.real.class.path" value="D:\eGov\eGovFrameDev-2.0.0-FullVer\workspace\egovframework.guide\target\surefire\surefirebooter1696678954597048333.jar"/>
    <property name="java.io.tmpdir" value="C:\DOCUME~1\lawsn\LOCALS~1\Temp\"/>
    <property name="line.separator" value="
"/>
    <property name="java.vm.specification.vendor" value="Sun Microsystems Inc."/>
    <property name="user.variant" value=""/>
    <property name="os.name" value="Windows XP"/>
    <property name="sun.jnu.encoding" value="MS949"/>
    <property name="java.library.path" value="C:\Program Files\Java\jdk1.6.0_33\jre\bin;C:\WINDOWS\Sun\Java\bin;C:\WINDOWS\system32;C:\WINDOWS;C:\WINDOWS\system32;C:\WINDOWS;C:\WINDOWS\System32\Wbem;C:\Program Files\ATI Technologies\ATI.ACE\Core-Static;."/>
    <property name="surefire.test.class.path" value="D:\eGov\eGovFrameDev-2.0.0-FullVer\workspace\egovframework.guide\target\test-classes;D:\eGov\eGovFrameDev-2.0.0-FullVer\workspace\egovframework.guide\target\classes;C:\Documents and Settings\lawsn\.m2\repository\org\springframework\spring-aop\2.5.6\spring-aop-2.5.6.jar;C:\Documents and Settings\lawsn\.m2\repository\org\springframework\spring-beans\2.5.6\spring-beans-2.5.6.jar;C:\Documents and Settings\lawsn\.m2\repository\org\springframework\spring-context\2.5.6\spring-context-2.5.6.jar;C:\Documents and Settings\lawsn\.m2\repository\org\springframework\spring-context-support\2.5.6\spring-context-support-2.5.6.jar;C:\Documents and Settings\lawsn\.m2\repository\org\springframework\spring-core\2.5.6\spring-core-2.5.6.jar;C:\Documents and Settings\lawsn\.m2\repository\org\springframework\spring-jdbc\2.5.6\spring-jdbc-2.5.6.jar;C:\Documents and Settings\lawsn\.m2\repository\org\springframework\spring-orm\2.5.6\spring-orm-2.5.6.jar;C:\Documents and Settings\lawsn\.m2\repository\org\springframework\spring-test\2.5.6\spring-test-2.5.6.jar;C:\Documents and Settings\lawsn\.m2\repository\org\springframework\spring-tx\2.5.6\spring-tx-2.5.6.jar;C:\Documents and Settings\lawsn\.m2\repository\org\springframework\spring-web\2.5.6\spring-web-2.5.6.jar;C:\Documents and Settings\lawsn\.m2\repository\org\springframework\spring-webmvc\2.5.6\spring-webmvc-2.5.6.jar;C:\Documents and Settings\lawsn\.m2\repository\junit\junit\4.4\junit-4.4.jar;C:\Documents and Settings\lawsn\.m2\repository\org\easymock\easymock\2.4\easymock-2.4.jar;C:\Documents and Settings\lawsn\.m2\repository\javax\annotation\jsr250-api\1.0\jsr250-api-1.0.jar;C:\Documents and Settings\lawsn\.m2\repository\commons-collections\commons-collections\3.2\commons-collections-3.2.jar;C:\Documents and Settings\lawsn\.m2\repository\commons-beanutils\commons-beanutils\1.6\commons-beanutils-1.6.jar;C:\Documents and Settings\lawsn\.m2\repository\commons-dbcp\commons-dbcp\1.2.2\commons-dbcp-1.2.2.jar;C:\Documents and Settings\lawsn\.m2\repository\commons-lang\commons-lang\2.2\commons-lang-2.2.jar;C:\Documents and Settings\lawsn\.m2\repository\commons-logging\commons-logging\1.1.1\commons-logging-1.1.1.jar;C:\Documents and Settings\lawsn\.m2\repository\commons-pool\commons-pool\1.3\commons-pool-1.3.jar;C:\Documents and Settings\lawsn\.m2\repository\org\aspectj\aspectjrt\1.6.2\aspectjrt-1.6.2.jar;C:\Documents and Settings\lawsn\.m2\repository\org\aspectj\aspectjweaver\1.6.2\aspectjweaver-1.6.2.jar;C:\Documents and Settings\lawsn\.m2\repository\aopalliance\aopalliance\1.0\aopalliance-1.0.jar;C:\Documents and Settings\lawsn\.m2\repository\hsqldb\hsqldb\1.8.0.10\hsqldb-1.8.0.10.jar;C:\Documents and Settings\lawsn\.m2\repository\org\apache\ibatis\ibatis-sqlmap\2.3.4.726\ibatis-sqlmap-2.3.4.726.jar;C:\Documents and Settings\lawsn\.m2\repository\log4j\log4j\1.3alpha-8\log4j-1.3alpha-8.jar;C:\Documents and Settings\lawsn\.m2\repository\org\slf4j\slf4j-log4j12\1.5.3\slf4j-log4j12-1.5.3.jar;C:\Documents and Settings\lawsn\.m2\repository\org\slf4j\slf4j-api\1.5.3\slf4j-api-1.5.3.jar;C:\Documents and Settings\lawsn\.m2\repository\net\sf\log4jdbc3\1.1\log4jdbc3-1.1.jar;C:\Documents and Settings\lawsn\.m2\repository\mysql\mysql-connector-java\5.1.6\mysql-connector-java-5.1.6.jar;C:\Documents and Settings\lawsn\.m2\repository\egovframework\rte\egovframework.rte.psl.dataaccess\1.0.0\egovframework.rte.psl.dataaccess-1.0.0.jar;C:\Documents and Settings\lawsn\.m2\repository\egovframework\rte\egovframework.rte.fdl.idgnr\1.0.0\egovframework.rte.fdl.idgnr-1.0.0.jar;C:\Documents and Settings\lawsn\.m2\repository\egovframework\rte\egovframework.rte.fdl.cmmn\1.0.0\egovframework.rte.fdl.cmmn-1.0.0.jar;C:\Documents and Settings\lawsn\.m2\repository\javax\mail\mail\1.4\mail-1.4.jar;C:\Documents and Settings\lawsn\.m2\repository\javax\activation\activation\1.1\activation-1.1.jar;C:\Documents and Settings\lawsn\.m2\repository\egovframework\rte\egovframework.rte.ptl.mvc\1.0.0\egovframework.rte.ptl.mvc-1.0.0.jar;C:\Documents and Settings\lawsn\.m2\repository\commons-validator\commons-validator\1.3.0\commons-validator-1.3.0.jar;C:\Documents and Settings\lawsn\.m2\repository\commons-digester\commons-digester\1.6\commons-digester-1.6.jar;C:\Documents and Settings\lawsn\.m2\repository\oro\oro\2.0.8\oro-2.0.8.jar;C:\Documents and Settings\lawsn\.m2\repository\xml-apis\xml-apis\1.0.b2\xml-apis-1.0.b2.jar;C:\Documents and Settings\lawsn\.m2\repository\org\springmodules\spring-modules-validation\0.9\spring-modules-validation-0.9.jar;C:\Documents and Settings\lawsn\.m2\repository\egovframework\rte\egovframework.rte.fdl.property\1.0.0\egovframework.rte.fdl.property-1.0.0.jar;"/>
    <property name="java.specification.name" value="Java Platform API Specification"/>
    <property name="java.class.version" value="50.0"/>
    <property name="sun.management.compiler" value="HotSpot Client Compiler"/>
    <property name="os.version" value="5.1"/>
    <property name="user.home" value="C:\Documents and Settings\lawsn"/>
    <property name="user.timezone" value="Asia/Seoul"/>
    <property name="java.awt.printerjob" value="sun.awt.windows.WPrinterJob"/>
    <property name="java.specification.version" value="1.6"/>
    <property name="file.encoding" value="MS949"/>
    <property name="user.name" value="lawsn"/>
    <property name="java.class.path" value="D:\eGov\eGovFrameDev-2.0.0-FullVer\workspace\egovframework.guide\target\test-classes;D:\eGov\eGovFrameDev-2.0.0-FullVer\workspace\egovframework.guide\target\classes;C:\Documents and Settings\lawsn\.m2\repository\org\springframework\spring-aop\2.5.6\spring-aop-2.5.6.jar;C:\Documents and Settings\lawsn\.m2\repository\org\springframework\spring-beans\2.5.6\spring-beans-2.5.6.jar;C:\Documents and Settings\lawsn\.m2\repository\org\springframework\spring-context\2.5.6\spring-context-2.5.6.jar;C:\Documents and Settings\lawsn\.m2\repository\org\springframework\spring-context-support\2.5.6\spring-context-support-2.5.6.jar;C:\Documents and Settings\lawsn\.m2\repository\org\springframework\spring-core\2.5.6\spring-core-2.5.6.jar;C:\Documents and Settings\lawsn\.m2\repository\org\springframework\spring-jdbc\2.5.6\spring-jdbc-2.5.6.jar;C:\Documents and Settings\lawsn\.m2\repository\org\springframework\spring-orm\2.5.6\spring-orm-2.5.6.jar;C:\Documents and Settings\lawsn\.m2\repository\org\springframework\spring-test\2.5.6\spring-test-2.5.6.jar;C:\Documents and Settings\lawsn\.m2\repository\org\springframework\spring-tx\2.5.6\spring-tx-2.5.6.jar;C:\Documents and Settings\lawsn\.m2\repository\org\springframework\spring-web\2.5.6\spring-web-2.5.6.jar;C:\Documents and Settings\lawsn\.m2\repository\org\springframework\spring-webmvc\2.5.6\spring-webmvc-2.5.6.jar;C:\Documents and Settings\lawsn\.m2\repository\junit\junit\4.4\junit-4.4.jar;C:\Documents and Settings\lawsn\.m2\repository\org\easymock\easymock\2.4\easymock-2.4.jar;C:\Documents and Settings\lawsn\.m2\repository\javax\annotation\jsr250-api\1.0\jsr250-api-1.0.jar;C:\Documents and Settings\lawsn\.m2\repository\commons-collections\commons-collections\3.2\commons-collections-3.2.jar;C:\Documents and Settings\lawsn\.m2\repository\commons-beanutils\commons-beanutils\1.6\commons-beanutils-1.6.jar;C:\Documents and Settings\lawsn\.m2\repository\commons-dbcp\commons-dbcp\1.2.2\commons-dbcp-1.2.2.jar;C:\Documents and Settings\lawsn\.m2\repository\commons-lang\commons-lang\2.2\commons-lang-2.2.jar;C:\Documents and Settings\lawsn\.m2\repository\commons-logging\commons-logging\1.1.1\commons-logging-1.1.1.jar;C:\Documents and Settings\lawsn\.m2\repository\commons-pool\commons-pool\1.3\commons-pool-1.3.jar;C:\Documents and Settings\lawsn\.m2\repository\org\aspectj\aspectjrt\1.6.2\aspectjrt-1.6.2.jar;C:\Documents and Settings\lawsn\.m2\repository\org\aspectj\aspectjweaver\1.6.2\aspectjweaver-1.6.2.jar;C:\Documents and Settings\lawsn\.m2\repository\aopalliance\aopalliance\1.0\aopalliance-1.0.jar;C:\Documents and Settings\lawsn\.m2\repository\hsqldb\hsqldb\1.8.0.10\hsqldb-1.8.0.10.jar;C:\Documents and Settings\lawsn\.m2\repository\org\apache\ibatis\ibatis-sqlmap\2.3.4.726\ibatis-sqlmap-2.3.4.726.jar;C:\Documents and Settings\lawsn\.m2\repository\log4j\log4j\1.3alpha-8\log4j-1.3alpha-8.jar;C:\Documents and Settings\lawsn\.m2\repository\org\slf4j\slf4j-log4j12\1.5.3\slf4j-log4j12-1.5.3.jar;C:\Documents and Settings\lawsn\.m2\repository\org\slf4j\slf4j-api\1.5.3\slf4j-api-1.5.3.jar;C:\Documents and Settings\lawsn\.m2\repository\net\sf\log4jdbc3\1.1\log4jdbc3-1.1.jar;C:\Documents and Settings\lawsn\.m2\repository\mysql\mysql-connector-java\5.1.6\mysql-connector-java-5.1.6.jar;C:\Documents and Settings\lawsn\.m2\repository\egovframework\rte\egovframework.rte.psl.dataaccess\1.0.0\egovframework.rte.psl.dataaccess-1.0.0.jar;C:\Documents and Settings\lawsn\.m2\repository\egovframework\rte\egovframework.rte.fdl.idgnr\1.0.0\egovframework.rte.fdl.idgnr-1.0.0.jar;C:\Documents and Settings\lawsn\.m2\repository\egovframework\rte\egovframework.rte.fdl.cmmn\1.0.0\egovframework.rte.fdl.cmmn-1.0.0.jar;C:\Documents and Settings\lawsn\.m2\repository\javax\mail\mail\1.4\mail-1.4.jar;C:\Documents and Settings\lawsn\.m2\repository\javax\activation\activation\1.1\activation-1.1.jar;C:\Documents and Settings\lawsn\.m2\repository\egovframework\rte\egovframework.rte.ptl.mvc\1.0.0\egovframework.rte.ptl.mvc-1.0.0.jar;C:\Documents and Settings\lawsn\.m2\repository\commons-validator\commons-validator\1.3.0\commons-validator-1.3.0.jar;C:\Documents and Settings\lawsn\.m2\repository\commons-digester\commons-digester\1.6\commons-digester-1.6.jar;C:\Documents and Settings\lawsn\.m2\repository\oro\oro\2.0.8\oro-2.0.8.jar;C:\Documents and Settings\lawsn\.m2\repository\xml-apis\xml-apis\1.0.b2\xml-apis-1.0.b2.jar;C:\Documents and Settings\lawsn\.m2\repository\org\springmodules\spring-modules-validation\0.9\spring-modules-validation-0.9.jar;C:\Documents and Settings\lawsn\.m2\repository\egovframework\rte\egovframework.rte.fdl.property\1.0.0\egovframework.rte.fdl.property-1.0.0.jar;"/>
    <property name="java.vm.specification.version" value="1.0"/>
    <property name="sun.arch.data.model" value="32"/>
    <property name="java.home" value="C:\Program Files\Java\jdk1.6.0_33\jre"/>
    <property name="sun.java.command" value="D:\eGov\eGovFrameDev-2.0.0-FullVer\workspace\egovframework.guide\target\surefire\surefirebooter1696678954597048333.jar D:\eGov\eGovFrameDev-2.0.0-FullVer\workspace\egovframework.guide\target\surefire\surefire2317060176122575565tmp D:\eGov\eGovFrameDev-2.0.0-FullVer\workspace\egovframework.guide\target\surefire\surefire6234783387636078403tmp"/>
    <property name="java.specification.vendor" value="Sun Microsystems Inc."/>
    <property name="user.language" value="ko"/>
    <property name="awt.toolkit" value="sun.awt.windows.WToolkit"/>
    <property name="java.vm.info" value="mixed mode, sharing"/>
    <property name="java.version" value="1.6.0_33"/>
    <property name="java.ext.dirs" value="C:\Program Files\Java\jdk1.6.0_33\jre\lib\ext;C:\WINDOWS\Sun\Java\lib\ext"/>
    <property name="sun.boot.class.path" value="C:\Program Files\Java\jdk1.6.0_33\jre\lib\resources.jar;C:\Program Files\Java\jdk1.6.0_33\jre\lib\rt.jar;C:\Program Files\Java\jdk1.6.0_33\jre\lib\sunrsasign.jar;C:\Program Files\Java\jdk1.6.0_33\jre\lib\jsse.jar;C:\Program Files\Java\jdk1.6.0_33\jre\lib\jce.jar;C:\Program Files\Java\jdk1.6.0_33\jre\lib\charsets.jar;C:\Program Files\Java\jdk1.6.0_33\jre\lib\modules\jdk.boot.jar;C:\Program Files\Java\jdk1.6.0_33\jre\classes"/>
    <property name="java.vendor" value="Sun Microsystems Inc."/>
    <property name="localRepository" value="C:\Documents and Settings\lawsn\.m2\repository"/>
    <property name="file.separator" value="\"/>
    <property name="java.vendor.url.bug" value="http://java.sun.com/cgi-bin/bugreport.cgi"/>
    <property name="sun.cpu.endian" value="little"/>
    <property name="sun.io.unicode.encoding" value="UnicodeLittle"/>
    <property name="sun.desktop" value="windows"/>
    <property name="sun.cpu.isalist" value="pentium_pro+mmx pentium_pro pentium+mmx pentium i486 i386 i86"/>
  </properties>
  <testcase time="0.563" classname="egovframework.guide.helloworld.HelloWorldServiceTest" name="testSayHello"/>
</testsuite>